<?xml version="1.0" encoding="UTF-8"?>
<!-- Generated by org.testng.reporters.JUnitReportReporter -->
<testsuite hostname="Kuntals-Mac-mini.local" failures="0" tests="1" name="org.example.Test.LoginTest" time="8.356" errors="0" timestamp="2025-05-16T15:53:11 IST" skipped="0">
  <testcase classname="org.example.Test.LoginTest" name="testValidLogin" time="8.356"/>
</testsuite> <!-- org.example.Test.LoginTest -->
